# JRE version: OpenJDK Runtime Environment GraalVM CE 22.3.1 (11.0.18+10) (build 11.0.18+10-jvmci-22.3-b13)
# Java VM: OpenJDK 64-Bit Server VM GraalVM CE 22.3.1 (11.0.18+10-jvmci-22.3-b13, mixed mode, sharing, tiered, jvmci, jvmci compiler, compressed oops, g1 gc, linux-amd64)
Heap:
 garbage-first heap   total 233472K, used 117759K [0x0000000084200000, 0x0000000100000000)
  region size 1024K, 67 young (68608K), 14 survivors (14336K)
 Metaspace       used 64295K, capacity 65949K, committed 66136K, reserved 1105920K
  class space    used 8604K, capacity 9226K, committed 9344K, reserved 1048576K
GC Heap History (20 events):
Event: 1,200 GC heap before
{Heap before GC invocations=3 (full 0):
 garbage-first heap   total 129024K, used 25952K [0x0000000084200000, 0x0000000100000000)
  region size 1024K, 14 young (14336K), 2 survivors (2048K)
 Metaspace       used 20442K, capacity 20921K, committed 21248K, reserved 1069056K
  class space    used 2103K, capacity 2284K, committed 2304K, reserved 1048576K
}
Event: 1,204 GC heap after
{Heap after GC invocations=4 (full 0):
 garbage-first heap   total 129024K, used 16094K [0x0000000084200000, 0x0000000100000000)
  region size 1024K, 4 young (4096K), 4 survivors (4096K)
 Metaspace       used 20442K, capacity 20921K, committed 21248K, reserved 1069056K
  class space    used 2103K, capacity 2284K, committed 2304K, reserved 1048576K
}
Event: 1,712 GC heap before
{Heap before GC invocations=5 (full 0):
 garbage-first heap   total 129024K, used 53982K [0x0000000084200000, 0x0000000100000000)
  region size 1024K, 41 young (41984K), 4 survivors (4096K)
 Metaspace       used 30668K, capacity 31234K, committed 31616K, reserved 1077248K
  class space    used 3440K, capacity 3654K, committed 3712K, reserved 1048576K
}
Event: 1,721 GC heap after
{Heap after GC invocations=6 (full 0):
 garbage-first heap   total 155648K, used 18572K [0x0000000084200000, 0x0000000100000000)
  region size 1024K, 6 young (6144K), 6 survivors (6144K)
 Metaspace       used 30668K, capacity 31234K, committed 31616K, reserved 1077248K
  class space    used 3440K, capacity 3654K, committed 3712K, reserved 1048576K
}
Event: 1,995 GC heap before
{Heap before GC invocations=6 (full 0):
 garbage-first heap   total 155648K, used 38028K [0x0000000084200000, 0x0000000100000000)
  region size 1024K, 26 young (26624K), 6 survivors (6144K)
 Metaspace       used 34619K, capacity 35205K, committed 35584K, reserved 1081344K
  class space    used 4265K, capacity 4500K, committed 4608K, reserved 1048576K
}
Event: 2,001 GC heap after
{Heap after GC invocations=7 (full 0):
 garbage-first heap   total 155648K, used 19703K [0x0000000084200000, 0x0000000100000000)
  region size 1024K, 7 young (7168K), 7 survivors (7168K)
 Metaspace       used 34619K, capacity 35205K, committed 35584K, reserved 1081344K
  class space    used 4265K, capacity 4500K, committed 4608K, reserved 1048576K
}
Event: 3,019 GC heap before
{Heap before GC invocations=8 (full 0):
 garbage-first heap   total 155648K, used 105719K [0x0000000084200000, 0x0000000100000000)
  region size 1024K, 91 young (93184K), 7 survivors (7168K)
 Metaspace       used 51620K, capacity 53154K, committed 53376K, reserved 1095680K
  class space    used 7412K, capacity 7982K, committed 8064K, reserved 1048576K
}
Event: 3,028 GC heap after
{Heap after GC invocations=9 (full 0):
 garbage-first heap   total 155648K, used 25194K [0x0000000084200000, 0x0000000100000000)
  region size 1024K, 11 young (11264K), 11 survivors (11264K)
 Metaspace       used 51620K, capacity 53154K, committed 53376K, reserved 1095680K
  class space    used 7412K, capacity 7982K, committed 8064K, reserved 1048576K
}
Event: 3,243 GC heap before
{Heap before GC invocations=9 (full 0):
 garbage-first heap   total 155648K, used 107114K [0x0000000084200000, 0x0000000100000000)
  region size 1024K, 91 young (93184K), 11 survivors (11264K)
 Metaspace       used 53347K, capacity 54866K, committed 55040K, reserved 1095680K
  class space    used 7580K, capacity 8146K, committed 8192K, reserved 1048576K
}
Event: 3,254 GC heap after
{Heap after GC invocations=10 (full 0):
 garbage-first heap   total 155648K, used 29769K [0x0000000084200000, 0x0000000100000000)
  region size 1024K, 11 young (11264K), 11 survivors (11264K)
 Metaspace       used 53347K, capacity 54866K, committed 55040K, reserved 1095680K
  class space    used 7580K, capacity 8146K, committed 8192K, reserved 1048576K
}
Event: 3,357 GC heap before
{Heap before GC invocations=10 (full 0):
 garbage-first heap   total 155648K, used 111689K [0x0000000084200000, 0x0000000100000000)
  region size 1024K, 91 young (93184K), 11 survivors (11264K)
 Metaspace       used 53365K, capacity 54866K, committed 55040K, reserved 1095680K
  class space    used 7580K, capacity 8146K, committed 8192K, reserved 1048576K
}
Event: 3,372 GC heap after
{Heap after GC invocations=11 (full 0):
 garbage-first heap   total 187392K, used 32209K [0x0000000084200000, 0x0000000100000000)
  region size 1024K, 8 young (8192K), 8 survivors (8192K)
 Metaspace       used 53365K, capacity 54866K, committed 55040K, reserved 1095680K
  class space    used 7580K, capacity 8146K, committed 8192K, reserved 1048576K
}
Event: 3,650 GC heap before
{Heap before GC invocations=11 (full 0):
 garbage-first heap   total 187392K, used 135633K [0x0000000084200000, 0x0000000100000000)
  region size 1024K, 109 young (111616K), 8 survivors (8192K)
 Metaspace       used 55585K, capacity 57090K, committed 57344K, reserved 1097728K
  class space    used 7859K, capacity 8416K, committed 8448K, reserved 1048576K
}
Event: 3,656 GC heap after
{Heap after GC invocations=12 (full 0):
 garbage-first heap   total 187392K, used 34478K [0x0000000084200000, 0x0000000100000000)
  region size 1024K, 10 young (10240K), 10 survivors (10240K)
 Metaspace       used 55585K, capacity 57090K, committed 57344K, reserved 1097728K
  class space    used 7859K, capacity 8416K, committed 8448K, reserved 1048576K
}
Event: 3,873 GC heap before
{Heap before GC invocations=12 (full 0):
 garbage-first heap   total 187392K, used 58030K [0x0000000084200000, 0x0000000100000000)
  region size 1024K, 30 young (30720K), 10 survivors (10240K)
 Metaspace       used 58076K, capacity 59588K, committed 59736K, reserved 1099776K
  class space    used 8157K, capacity 8759K, committed 8832K, reserved 1048576K
}
Event: 3,883 GC heap after
{Heap after GC invocations=13 (full 0):
 garbage-first heap   total 187392K, used 38753K [0x0000000084200000, 0x0000000100000000)
  region size 1024K, 10 young (10240K), 10 survivors (10240K)
 Metaspace       used 58076K, capacity 59588K, committed 59736K, reserved 1099776K
  class space    used 8157K, capacity 8759K, committed 8832K, reserved 1048576K
}
Event: 4,353 GC heap before
{Heap before GC invocations=14 (full 0):
 garbage-first heap   total 187392K, used 141153K [0x0000000084200000, 0x0000000100000000)
  region size 1024K, 109 young (111616K), 10 survivors (10240K)
 Metaspace       used 60147K, capacity 61724K, committed 61912K, reserved 1101824K
  class space    used 8323K, capacity 8959K, committed 8960K, reserved 1048576K
}
Event: 4,364 GC heap after
{Heap after GC invocations=15 (full 0):
 garbage-first heap   total 187392K, used 47066K [0x0000000084200000, 0x0000000100000000)
  region size 1024K, 14 young (14336K), 14 survivors (14336K)
 Metaspace       used 60147K, capacity 61724K, committed 61912K, reserved 1101824K
  class space    used 8323K, capacity 8959K, committed 8960K, reserved 1048576K
}
Event: 5,411 GC heap before
{Heap before GC invocations=16 (full 0):
 garbage-first heap   total 187392K, used 161754K [0x0000000084200000, 0x0000000100000000)
  region size 1024K, 109 young (111616K), 14 survivors (14336K)
 Metaspace       used 63410K, capacity 65010K, committed 65240K, reserved 1105920K
  class space    used 8569K, capacity 9191K, committed 9216K, reserved 1048576K
}
Event: 5,436 GC heap after
{Heap after GC invocations=17 (full 0):
 garbage-first heap   total 233472K, used 65535K [0x0000000084200000, 0x0000000100000000)
  region size 1024K, 14 young (14336K), 14 survivors (14336K)
 Metaspace       used 63410K, capacity 65010K, committed 65240K, reserved 1105920K
  class space    used 8569K, capacity 9191K, committed 9216K, reserved 1048576K
}

