# JRE version: OpenJDK Runtime Environment GraalVM CE 22.3.1 (11.0.18+10) (build 11.0.18+10-jvmci-22.3-b13)
# Java VM: OpenJDK 64-Bit Server VM GraalVM CE 22.3.1 (11.0.18+10-jvmci-22.3-b13, mixed mode, sharing, tiered, jvmci, jvmci compiler, compressed oops, g1 gc, linux-amd64)
Heap:
 garbage-first heap   total 540672K, used 198376K [0x0000000084200000, 0x0000000100000000)
  region size 1024K, 82 young (83968K), 23 survivors (23552K)
 Metaspace       used 69635K, capacity 71482K, committed 71684K, reserved 1112064K
  class space    used 9404K, capacity 10122K, committed 10188K, reserved 1048576K
GC Heap History (20 events):
Event: 3,491 GC heap before
{Heap before GC invocations=10 (full 0):
 garbage-first heap   total 155648K, used 95429K [0x0000000084200000, 0x0000000100000000)
  region size 1024K, 75 young (76800K), 9 survivors (9216K)
 Metaspace       used 53440K, capacity 54948K, committed 55196K, reserved 1095680K
  class space    used 7588K, capacity 8146K, committed 8268K, reserved 1048576K
}
Event: 3,537 GC heap after
{Heap after GC invocations=11 (full 0):
 garbage-first heap   total 295936K, used 29049K [0x0000000084200000, 0x0000000100000000)
  region size 1024K, 3 young (3072K), 3 survivors (3072K)
 Metaspace       used 53440K, capacity 54948K, committed 55196K, reserved 1095680K
  class space    used 7588K, capacity 8146K, committed 8268K, reserved 1048576K
}
Event: 3,840 GC heap before
{Heap before GC invocations=11 (full 0):
 garbage-first heap   total 295936K, used 153977K [0x0000000084200000, 0x0000000100000000)
  region size 1024K, 125 young (128000K), 3 survivors (3072K)
 Metaspace       used 54040K, capacity 55472K, committed 55708K, reserved 1097728K
  class space    used 7660K, capacity 8214K, committed 8268K, reserved 1048576K
}
Event: 3,847 GC heap after
{Heap after GC invocations=12 (full 0):
 garbage-first heap   total 295936K, used 32633K [0x0000000084200000, 0x0000000100000000)
  region size 1024K, 6 young (6144K), 6 survivors (6144K)
 Metaspace       used 54040K, capacity 55472K, committed 55708K, reserved 1097728K
  class space    used 7660K, capacity 8214K, committed 8268K, reserved 1048576K
}
Event: 4,288 GC heap before
{Heap before GC invocations=12 (full 0):
 garbage-first heap   total 295936K, used 99193K [0x0000000084200000, 0x0000000100000000)
  region size 1024K, 68 young (69632K), 6 survivors (6144K)
 Metaspace       used 58774K, capacity 60301K, committed 60420K, reserved 1101824K
  class space    used 8224K, capacity 8842K, committed 8908K, reserved 1048576K
}
Event: 4,300 GC heap after
{Heap after GC invocations=13 (full 0):
 garbage-first heap   total 295936K, used 39801K [0x0000000084200000, 0x0000000100000000)
  region size 1024K, 12 young (12288K), 12 survivors (12288K)
 Metaspace       used 58774K, capacity 60301K, committed 60420K, reserved 1101824K
  class space    used 8224K, capacity 8842K, committed 8908K, reserved 1048576K
}
Event: 4,994 GC heap before
{Heap before GC invocations=14 (full 0):
 garbage-first heap   total 295936K, used 171897K [0x0000000084200000, 0x0000000100000000)
  region size 1024K, 140 young (143360K), 12 survivors (12288K)
 Metaspace       used 60393K, capacity 61937K, committed 62084K, reserved 1101824K
  class space    used 8333K, capacity 8960K, committed 9036K, reserved 1048576K
}
Event: 5,030 GC heap after
{Heap after GC invocations=15 (full 0):
 garbage-first heap   total 295936K, used 46905K [0x0000000084200000, 0x0000000100000000)
  region size 1024K, 13 young (13312K), 13 survivors (13312K)
 Metaspace       used 60393K, capacity 61937K, committed 62084K, reserved 1101824K
  class space    used 8333K, capacity 8960K, committed 9036K, reserved 1048576K
}
Event: 6,528 GC heap before
{Heap before GC invocations=15 (full 0):
 garbage-first heap   total 295936K, used 200505K [0x0000000084200000, 0x0000000100000000)
  region size 1024K, 146 young (149504K), 13 survivors (13312K)
 Metaspace       used 64400K, capacity 66060K, committed 66180K, reserved 1105920K
  class space    used 8616K, capacity 9258K, committed 9292K, reserved 1048576K
}
Event: 6,581 GC heap after
{Heap after GC invocations=16 (full 0):
 garbage-first heap   total 295936K, used 73274K [0x0000000084200000, 0x0000000100000000)
  region size 1024K, 19 young (19456K), 19 survivors (19456K)
 Metaspace       used 64400K, capacity 66060K, committed 66180K, reserved 1105920K
  class space    used 8616K, capacity 9258K, committed 9292K, reserved 1048576K
}
Event: 7,582 GC heap before
{Heap before GC invocations=16 (full 0):
 garbage-first heap   total 295936K, used 236090K [0x0000000084200000, 0x0000000100000000)
  region size 1024K, 142 young (145408K), 19 survivors (19456K)
 Metaspace       used 68723K, capacity 70578K, committed 70660K, reserved 1110016K
  class space    used 9388K, capacity 10122K, committed 10188K, reserved 1048576K
}
Event: 7,611 GC heap after
{Heap after GC invocations=17 (full 0):
 garbage-first heap   total 540672K, used 95464K [0x0000000084200000, 0x0000000100000000)
  region size 1024K, 18 young (18432K), 18 survivors (18432K)
 Metaspace       used 68723K, capacity 70578K, committed 70660K, reserved 1110016K
  class space    used 9388K, capacity 10122K, committed 10188K, reserved 1048576K
}
Event: 7,827 GC heap before
{Heap before GC invocations=17 (full 0):
 garbage-first heap   total 540672K, used 235752K [0x0000000084200000, 0x0000000100000000)
  region size 1024K, 153 young (156672K), 18 survivors (18432K)
 Metaspace       used 68729K, capacity 70578K, committed 70660K, reserved 1110016K
  class space    used 9388K, capacity 10122K, committed 10188K, reserved 1048576K
}
Event: 7,844 GC heap after
{Heap after GC invocations=18 (full 0):
 garbage-first heap   total 540672K, used 104680K [0x0000000084200000, 0x0000000100000000)
  region size 1024K, 6 young (6144K), 6 survivors (6144K)
 Metaspace       used 68729K, capacity 70578K, committed 70660K, reserved 1110016K
  class space    used 9388K, capacity 10122K, committed 10188K, reserved 1048576K
}
Event: 8,196 GC heap before
{Heap before GC invocations=18 (full 0):
 garbage-first heap   total 540672K, used 294120K [0x0000000084200000, 0x0000000100000000)
  region size 1024K, 176 young (180224K), 6 survivors (6144K)
 Metaspace       used 69132K, capacity 71027K, committed 71172K, reserved 1110016K
  class space    used 9396K, capacity 10122K, committed 10188K, reserved 1048576K
}
Event: 8,220 GC heap after
{Heap after GC invocations=19 (full 0):
 garbage-first heap   total 540672K, used 112872K [0x0000000084200000, 0x0000000100000000)
  region size 1024K, 14 young (14336K), 14 survivors (14336K)
 Metaspace       used 69132K, capacity 71027K, committed 71172K, reserved 1110016K
  class space    used 9396K, capacity 10122K, committed 10188K, reserved 1048576K
}
Event: 8,467 GC heap before
{Heap before GC invocations=19 (full 0):
 garbage-first heap   total 540672K, used 336104K [0x0000000084200000, 0x0000000100000000)
  region size 1024K, 232 young (237568K), 14 survivors (14336K)
 Metaspace       used 69132K, capacity 71027K, committed 71172K, reserved 1110016K
  class space    used 9396K, capacity 10122K, committed 10188K, reserved 1048576K
}
Event: 8,481 GC heap after
{Heap after GC invocations=20 (full 0):
 garbage-first heap   total 540672K, used 113384K [0x0000000084200000, 0x0000000100000000)
  region size 1024K, 15 young (15360K), 15 survivors (15360K)
 Metaspace       used 69132K, capacity 71027K, committed 71172K, reserved 1110016K
  class space    used 9396K, capacity 10122K, committed 10188K, reserved 1048576K
}
Event: 8,966 GC heap before
{Heap before GC invocations=20 (full 0):
 garbage-first heap   total 540672K, used 436968K [0x0000000084200000, 0x0000000100000000)
  region size 1024K, 316 young (323584K), 15 survivors (15360K)
 Metaspace       used 69403K, capacity 71225K, committed 71428K, reserved 1110016K
  class space    used 9404K, capacity 10122K, committed 10188K, reserved 1048576K
}
Event: 9,000 GC heap after
{Heap after GC invocations=21 (full 0):
 garbage-first heap   total 540672K, used 121576K [0x0000000084200000, 0x0000000100000000)
  region size 1024K, 23 young (23552K), 23 survivors (23552K)
 Metaspace       used 69403K, capacity 71225K, committed 71428K, reserved 1110016K
  class space    used 9404K, capacity 10122K, committed 10188K, reserved 1048576K
}

