# JRE version: OpenJDK Runtime Environment GraalVM CE 22.3.1 (11.0.18+10) (build 11.0.18+10-jvmci-22.3-b13)
# Java VM: OpenJDK 64-Bit Server VM GraalVM CE 22.3.1 (11.0.18+10-jvmci-22.3-b13, mixed mode, sharing, tiered, jvmci, jvmci compiler, compressed oops, g1 gc, linux-amd64)
Heap:
 garbage-first heap   total 318464K, used 252871K [0x0000000084200000, 0x0000000100000000)
  region size 1024K, 129 young (132096K), 6 survivors (6144K)
 Metaspace       used 69425K, capacity 71279K, committed 71428K, reserved 1110016K
  class space    used 9407K, capacity 10122K, committed 10188K, reserved 1048576K
GC Heap History (20 events):
Event: 4,303 GC heap before
{Heap before GC invocations=14 (full 0):
 garbage-first heap   total 187392K, used 124237K [0x0000000084200000, 0x0000000100000000)
  region size 1024K, 93 young (95232K), 12 survivors (12288K)
 Metaspace       used 60170K, capacity 61738K, committed 62084K, reserved 1101824K
  class space    used 8334K, capacity 8960K, committed 9036K, reserved 1048576K
}
Event: 4,315 GC heap after
{Heap after GC invocations=15 (full 0):
 garbage-first heap   total 187392K, used 46008K [0x0000000084200000, 0x0000000100000000)
  region size 1024K, 11 young (11264K), 11 survivors (11264K)
 Metaspace       used 60170K, capacity 61738K, committed 62084K, reserved 1101824K
  class space    used 8334K, capacity 8960K, committed 9036K, reserved 1048576K
}
Event: 4,923 GC heap before
{Heap before GC invocations=15 (full 0):
 garbage-first heap   total 187392K, used 132024K [0x0000000084200000, 0x0000000100000000)
  region size 1024K, 92 young (94208K), 11 survivors (11264K)
 Metaspace       used 62652K, capacity 64326K, committed 64516K, reserved 1105920K
  class space    used 8540K, capacity 9157K, committed 9164K, reserved 1048576K
}
Event: 4,942 GC heap after
{Heap after GC invocations=16 (full 0):
 garbage-first heap   total 225280K, used 54832K [0x0000000084200000, 0x0000000100000000)
  region size 1024K, 12 young (12288K), 12 survivors (12288K)
 Metaspace       used 62652K, capacity 64326K, committed 64516K, reserved 1105920K
  class space    used 8540K, capacity 9157K, committed 9164K, reserved 1048576K
}
Event: 5,830 GC heap before
{Heap before GC invocations=16 (full 0):
 garbage-first heap   total 225280K, used 166448K [0x0000000084200000, 0x0000000100000000)
  region size 1024K, 107 young (109568K), 12 survivors (12288K)
 Metaspace       used 64360K, capacity 65989K, committed 66180K, reserved 1105920K
  class space    used 8618K, capacity 9258K, committed 9292K, reserved 1048576K
}
Event: 5,851 GC heap after
{Heap after GC invocations=17 (full 0):
 garbage-first heap   total 225280K, used 73401K [0x0000000084200000, 0x0000000100000000)
  region size 1024K, 14 young (14336K), 14 survivors (14336K)
 Metaspace       used 64360K, capacity 65989K, committed 66180K, reserved 1105920K
  class space    used 8618K, capacity 9258K, committed 9292K, reserved 1048576K
}
Event: 6,644 GC heap before
{Heap before GC invocations=17 (full 0):
 garbage-first heap   total 225280K, used 197305K [0x0000000084200000, 0x0000000100000000)
  region size 1024K, 99 young (101376K), 14 survivors (14336K)
 Metaspace       used 66903K, capacity 68731K, committed 68868K, reserved 1107968K
  class space    used 8954K, capacity 9658K, committed 9676K, reserved 1048576K
}
Event: 6,674 GC heap after
{Heap after GC invocations=18 (full 0):
 garbage-first heap   total 231424K, used 92392K [0x0000000084200000, 0x0000000100000000)
  region size 1024K, 13 young (13312K), 13 survivors (13312K)
 Metaspace       used 66903K, capacity 68731K, committed 68868K, reserved 1107968K
  class space    used 8954K, capacity 9658K, committed 9676K, reserved 1048576K
}
Event: 6,926 GC heap before
{Heap before GC invocations=18 (full 0):
 garbage-first heap   total 231424K, used 168168K [0x0000000084200000, 0x0000000100000000)
  region size 1024K, 87 young (89088K), 13 survivors (13312K)
 Metaspace       used 68730K, capacity 70636K, committed 70916K, reserved 1110016K
  class space    used 9391K, capacity 10122K, committed 10188K, reserved 1048576K
}
Event: 6,940 GC heap after
{Heap after GC invocations=19 (full 0):
 garbage-first heap   total 231424K, used 97000K [0x0000000084200000, 0x0000000100000000)
  region size 1024K, 3 young (3072K), 3 survivors (3072K)
 Metaspace       used 68730K, capacity 70636K, committed 70916K, reserved 1110016K
  class space    used 9391K, capacity 10122K, committed 10188K, reserved 1048576K
}
Event: 7,042 GC heap before
{Heap before GC invocations=19 (full 0):
 garbage-first heap   total 231424K, used 175848K [0x0000000084200000, 0x0000000100000000)
  region size 1024K, 78 young (79872K), 3 survivors (3072K)
 Metaspace       used 68739K, capacity 70636K, committed 70916K, reserved 1110016K
  class space    used 9391K, capacity 10122K, committed 10188K, reserved 1048576K
}
Event: 7,050 GC heap after
{Heap after GC invocations=20 (full 0):
 garbage-first heap   total 318464K, used 102120K [0x0000000084200000, 0x0000000100000000)
  region size 1024K, 6 young (6144K), 6 survivors (6144K)
 Metaspace       used 68739K, capacity 70636K, committed 70916K, reserved 1110016K
  class space    used 9391K, capacity 10122K, committed 10188K, reserved 1048576K
}
Event: 7,349 GC heap before
{Heap before GC invocations=20 (full 0):
 garbage-first heap   total 318464K, used 225000K [0x0000000084200000, 0x0000000100000000)
  region size 1024K, 111 young (113664K), 6 survivors (6144K)
 Metaspace       used 69145K, capacity 70957K, committed 71172K, reserved 1110016K
  class space    used 9399K, capacity 10122K, committed 10188K, reserved 1048576K
}
Event: 7,360 GC heap after
{Heap after GC invocations=21 (full 0):
 garbage-first heap   total 318464K, used 107526K [0x0000000084200000, 0x0000000100000000)
  region size 1024K, 12 young (12288K), 12 survivors (12288K)
 Metaspace       used 69145K, capacity 70957K, committed 71172K, reserved 1110016K
  class space    used 9399K, capacity 10122K, committed 10188K, reserved 1048576K
}
Event: 7,465 GC heap before
{Heap before GC invocations=21 (full 0):
 garbage-first heap   total 318464K, used 222214K [0x0000000084200000, 0x0000000100000000)
  region size 1024K, 124 young (126976K), 12 survivors (12288K)
 Metaspace       used 69151K, capacity 71021K, committed 71172K, reserved 1110016K
  class space    used 9399K, capacity 10122K, committed 10188K, reserved 1048576K
}
Event: 7,477 GC heap after
{Heap after GC invocations=22 (full 0):
 garbage-first heap   total 318464K, used 111388K [0x0000000084200000, 0x0000000100000000)
  region size 1024K, 10 young (10240K), 10 survivors (10240K)
 Metaspace       used 69151K, capacity 71021K, committed 71172K, reserved 1110016K
  class space    used 9399K, capacity 10122K, committed 10188K, reserved 1048576K
}
Event: 7,585 GC heap before
{Heap before GC invocations=22 (full 0):
 garbage-first heap   total 318464K, used 235292K [0x0000000084200000, 0x0000000100000000)
  region size 1024K, 131 young (134144K), 10 survivors (10240K)
 Metaspace       used 69151K, capacity 71021K, committed 71172K, reserved 1110016K
  class space    used 9399K, capacity 10122K, committed 10188K, reserved 1048576K
}
Event: 7,595 GC heap after
{Heap after GC invocations=23 (full 0):
 garbage-first heap   total 318464K, used 113514K [0x0000000084200000, 0x0000000100000000)
  region size 1024K, 7 young (7168K), 7 survivors (7168K)
 Metaspace       used 69151K, capacity 71021K, committed 71172K, reserved 1110016K
  class space    used 9399K, capacity 10122K, committed 10188K, reserved 1048576K
}
Event: 7,724 GC heap before
{Heap before GC invocations=23 (full 0):
 garbage-first heap   total 318464K, used 244586K [0x0000000084200000, 0x0000000100000000)
  region size 1024K, 135 young (138240K), 7 survivors (7168K)
 Metaspace       used 69158K, capacity 71021K, committed 71172K, reserved 1110016K
  class space    used 9399K, capacity 10122K, committed 10188K, reserved 1048576K
}
Event: 7,733 GC heap after
{Heap after GC invocations=24 (full 0):
 garbage-first heap   total 318464K, used 112583K [0x0000000084200000, 0x0000000100000000)
  region size 1024K, 6 young (6144K), 6 survivors (6144K)
 Metaspace       used 69158K, capacity 71021K, committed 71172K, reserved 1110016K
  class space    used 9399K, capacity 10122K, committed 10188K, reserved 1048576K
}

